IQ-TREE multicore version 2.3.4 COVID-edition for Windows 64-bit built Apr 27 2024
Developed by Bui Quang Minh, James Barbetti, Nguyen Lam Tung, Olga Chernomor,
Heiko Schmidt, Dominik Schrempf, Michael Woodhams, Ly Trong Nhan, Thomas Wong

Host:    DESKTOP-UME8M8L (AVX512, FMA3, 11 GB RAM)
Command: C:\Users\usuario\OneDrive\Escritorio\iqtree-2.3.4-Windows\iqtree-2.3.4-Windows\bin\iqtree2.exe -s results/alin.aln-fasta.uniqueseq.phy -m GTR+G+I -B 1000 -alrt 1000 -pre results/Trypanosoma_cruzi_iqtree
Seed:    198004 (Using SPRNG - Scalable Parallel Random Number Generator)
Time:    Wed Jun 26 10:30:36 2024
Kernel:  AVX+FMA - 1 threads (8 CPU cores detected)

HINT: Use -nt option to specify number of threads because your CPU has 8 cores!
HINT: -nt AUTO will automatically determine the best number of threads to use.

Reading alignment file results/alin.aln-fasta.uniqueseq.phy ... Phylip format detected
Alignment most likely contains DNA/RNA sequences
Alignment has 17 sequences with 1380 columns, 52 distinct patterns
94 parsimony-informative, 24 singleton sites, 1262 constant sites
            Gap/Ambiguity  Composition  p-value
Analyzing sequences: done in 5.01e-005 secs
   1  KC960001.1    0.00%    passed     55.65%
   2  KC960002.1    0.00%    passed     55.65%
   3  KC960003.1    0.00%    passed     77.89%
   4  KC960004.1    0.00%    passed     77.89%
   5  KC960011.1    0.00%    passed     93.90%
   6  KC959992.1    0.00%    passed     98.55%
   7  KC959993.1    0.00%    passed     98.55%
   8  KC959988.1    0.07%    passed     98.62%
   9  KC959989.1    0.14%    passed     98.08%
  10  KC959991.1    0.14%    passed     98.58%
  11  KC959998.1    0.07%    passed     98.88%
  12  KC959999.1    0.07%    passed     99.01%
  13  KC960000.1    0.07%    passed     99.01%
  14  KC959990.1    0.00%    passed     99.13%
  15  KC959997.1    0.00%    passed     99.13%
  16  KC959995.1    0.07%    passed     98.46%
  17  KC959996.1    0.00%    passed     98.98%
****  TOTAL         0.04%  0 sequences failed composition chi2 test (p-value<5%; df=3)
NOTE: KC960002.1 is identical to KC960001.1 but kept for subsequent analysis
NOTE: KC960004.1 is identical to KC960003.1 but kept for subsequent analysis
NOTE: KC959993.1 is identical to KC959992.1 but kept for subsequent analysis
NOTE: KC960000.1 is identical to KC959999.1 but kept for subsequent analysis
NOTE: KC959997.1 is identical to KC959990.1 but kept for subsequent analysis

Create initial parsimony tree by phylogenetic likelihood library (PLL)... 0.003 seconds
Generating 1000 samples for ultrafast bootstrap (seed: 198004)...

NOTE: 0 MB RAM (0 GB) is required!
Estimate model parameters (epsilon = 0.100)
Thoroughly optimizing +I+G parameters from 10 start values...
Init pinv, alpha: 0.000, 1.000 / Estimate: 0.000, 0.469 / LogL: -2563.966
Init pinv, alpha: 0.102, 1.000 / Estimate: 0.101, 0.594 / LogL: -2563.947
Init pinv, alpha: 0.203, 1.000 / Estimate: 0.203, 0.759 / LogL: -2563.932
Init pinv, alpha: 0.305, 1.000 / Estimate: 0.305, 1.012 / LogL: -2563.928
Init pinv, alpha: 0.406, 1.000 / Estimate: 0.407, 1.449 / LogL: -2563.947
Init pinv, alpha: 0.508, 1.000 / Estimate: 0.509, 2.333 / LogL: -2564.005
Init pinv, alpha: 0.610, 1.000 / Estimate: 0.611, 7.491 / LogL: -2564.179
Init pinv, alpha: 0.711, 1.000 / Estimate: 0.711, 998.482 / LogL: -2564.745
Init pinv, alpha: 0.813, 1.000 / Estimate: 0.760, 998.333 / LogL: -2565.640
Init pinv, alpha: 0.914, 1.000 / Estimate: 0.761, 998.430 / LogL: -2565.692
Optimal pinv,alpha: 0.305, 1.012 / LogL: -2563.928

Parameters optimization took 0.141 sec
Wrote distance file to... 
Computing ML distances based on estimated model parameters...
Calculating distance matrix: done in 0.0037749 secs
Computing ML distances took 0.009928 sec (of wall-clock time) 0.000000 sec (of CPU time)
Setting up auxiliary I and S matrices: done in 8.78e-005 secs
Computing RapidNJ tree took 0.005367 sec (of wall-clock time) 0.000000 sec (of CPU time)
Log-likelihood of RapidNJ tree: -2570.515
--------------------------------------------------------------------
|             INITIALIZING CANDIDATE TREE SET                      |
--------------------------------------------------------------------
Generating 98 parsimony trees... 0.069 second
Computing log-likelihood of 98 initial trees ... 0.064 seconds
Current best score: -2563.928

Do NNI search on 20 best initial trees
Estimate model parameters (epsilon = 0.100)
BETTER TREE FOUND at iteration 1: -2563.928
Iteration 10 / LogL: -2563.928 / Time: 0h:0m:0s
Iteration 20 / LogL: -2563.928 / Time: 0h:0m:0s
Finish initializing candidate tree set (18)
Current best tree score: -2563.928 / CPU time: 0.292
Number of iterations: 20
--------------------------------------------------------------------
|               OPTIMIZING CANDIDATE TREE SET                      |
--------------------------------------------------------------------
Iteration 30 / LogL: -2563.928 / Time: 0h:0m:0s (0h:0m:1s left)
BETTER TREE FOUND at iteration 38: -2563.928
Iteration 40 / LogL: -2563.934 / Time: 0h:0m:0s (0h:0m:2s left)
BETTER TREE FOUND at iteration 44: -2563.928
Iteration 50 / LogL: -2581.536 / Time: 0h:0m:1s (0h:0m:2s left)
Log-likelihood cutoff on original alignment: -2589.987
Iteration 60 / LogL: -2563.930 / Time: 0h:0m:1s (0h:0m:1s left)
Iteration 70 / LogL: -2563.928 / Time: 0h:0m:1s (0h:0m:1s left)
Iteration 80 / LogL: -2563.930 / Time: 0h:0m:1s (0h:0m:1s left)
Iteration 90 / LogL: -2587.102 / Time: 0h:0m:1s (0h:0m:1s left)
Iteration 100 / LogL: -2563.933 / Time: 0h:0m:2s (0h:0m:0s left)
Log-likelihood cutoff on original alignment: -2590.135
NOTE: Bootstrap correlation coefficient of split occurrence frequencies: 0.985
NOTE: UFBoot does not converge, continue at least 100 more iterations
UPDATE BEST LOG-LIKELIHOOD: -2563.928
BETTER TREE FOUND at iteration 108: -2563.928
Iteration 110 / LogL: -2563.928 / Time: 0h:0m:2s (0h:0m:2s left)
Iteration 120 / LogL: -2568.060 / Time: 0h:0m:2s (0h:0m:1s left)
Iteration 130 / LogL: -2563.935 / Time: 0h:0m:3s (0h:0m:1s left)
UPDATE BEST LOG-LIKELIHOOD: -2563.928
Iteration 140 / LogL: -2563.928 / Time: 0h:0m:3s (0h:0m:1s left)
Iteration 150 / LogL: -2563.928 / Time: 0h:0m:3s (0h:0m:1s left)
Log-likelihood cutoff on original alignment: -2590.135
Iteration 160 / LogL: -2563.932 / Time: 0h:0m:4s (0h:0m:1s left)
BETTER TREE FOUND at iteration 164: -2563.928
Iteration 170 / LogL: -2563.933 / Time: 0h:0m:4s (0h:0m:2s left)
Iteration 180 / LogL: -2563.928 / Time: 0h:0m:4s (0h:0m:2s left)
Iteration 190 / LogL: -2563.939 / Time: 0h:0m:4s (0h:0m:1s left)
Iteration 200 / LogL: -2563.930 / Time: 0h:0m:5s (0h:0m:1s left)
Log-likelihood cutoff on original alignment: -2590.135
NOTE: Bootstrap correlation coefficient of split occurrence frequencies: 0.977
NOTE: UFBoot does not converge, continue at least 100 more iterations
Iteration 210 / LogL: -2563.934 / Time: 0h:0m:5s (0h:0m:2s left)
BETTER TREE FOUND at iteration 218: -2563.928
Iteration 220 / LogL: -2563.932 / Time: 0h:0m:5s (0h:0m:2s left)
Iteration 230 / LogL: -2563.936 / Time: 0h:0m:5s (0h:0m:2s left)
Iteration 240 / LogL: -2563.932 / Time: 0h:0m:6s (0h:0m:2s left)
Iteration 250 / LogL: -2563.928 / Time: 0h:0m:6s (0h:0m:1s left)
Log-likelihood cutoff on original alignment: -2590.135
Iteration 260 / LogL: -2563.931 / Time: 0h:0m:7s (0h:0m:1s left)
Iteration 270 / LogL: -2563.928 / Time: 0h:0m:7s (0h:0m:1s left)
Iteration 280 / LogL: -2563.934 / Time: 0h:0m:7s (0h:0m:1s left)
Iteration 290 / LogL: -2563.928 / Time: 0h:0m:7s (0h:0m:0s left)
UPDATE BEST LOG-LIKELIHOOD: -2563.928
Iteration 300 / LogL: -2563.931 / Time: 0h:0m:8s (0h:0m:0s left)
Log-likelihood cutoff on original alignment: -2590.142
NOTE: Bootstrap correlation coefficient of split occurrence frequencies: 0.993
Iteration 310 / LogL: -2563.930 / Time: 0h:0m:8s (0h:0m:2s left)
TREE SEARCH COMPLETED AFTER 319 ITERATIONS / Time: 0h:0m:8s

--------------------------------------------------------------------
|                    FINALIZING TREE SEARCH                        |
--------------------------------------------------------------------
Performs final model parameters optimization
Estimate model parameters (epsilon = 0.010)
1. Initial log-likelihood: -2563.928
Optimal log-likelihood: -2563.928
Rate parameters:  A-C: 1.10460  A-G: 4.23186  A-T: 0.32301  C-G: 2.73183  C-T: 13.64663  G-T: 1.00000
Base frequencies:  A: 0.225  C: 0.297  G: 0.330  T: 0.147
Proportion of invariable sites: 0.305
Gamma shape alpha: 1.012
Parameters optimization took 1 rounds (0.013 sec)
BEST SCORE FOUND : -2563.928

Testing tree branches by SH-like aLRT with 1000 replicates...
0.072 sec.
Creating bootstrap support values...
Split supports printed to NEXUS file results/Trypanosoma_cruzi_iqtree.splits.nex
Total tree length: 0.100

Total number of iterations: 319
CPU time used for tree search: 4.578 sec (0h:0m:4s)
Wall-clock time used for tree search: 8.530 sec (0h:0m:8s)
Total CPU time used: 4.625 sec (0h:0m:4s)
Total wall-clock time used: 8.930 sec (0h:0m:8s)

Computing bootstrap consensus tree...
Reading input file results/Trypanosoma_cruzi_iqtree.splits.nex...
17 taxa and 135 splits.
Consensus tree written to results/Trypanosoma_cruzi_iqtree.contree
Reading input trees file results/Trypanosoma_cruzi_iqtree.contree
Log-likelihood of consensus tree: -2563.965

Analysis results written to: 
  IQ-TREE report:                results/Trypanosoma_cruzi_iqtree.iqtree
  Maximum-likelihood tree:       results/Trypanosoma_cruzi_iqtree.treefile
  Likelihood distances:          results/Trypanosoma_cruzi_iqtree.mldist

Ultrafast bootstrap approximation results written to:
  Split support values:          results/Trypanosoma_cruzi_iqtree.splits.nex
  Consensus tree:                results/Trypanosoma_cruzi_iqtree.contree
  Screen log file:               results/Trypanosoma_cruzi_iqtree.log

Date and Time: Wed Jun 26 10:30:45 2024
